2019-01-06 22:21:16,955 INFO  main                             - SOFABoot Runtime Starting!
2019-01-06 22:21:18,490 INFO  main                             - Registering component: service:com.oranfish.jarslink_api.service.HelloService:helloService
2019-01-06 22:21:18,490 INFO  main                             -  <<PreOut Binding [jvm] Begins - com.oranfish.jarslink_api.service.HelloService:helloService.
2019-01-06 22:21:18,491 INFO  main                             -  <<PreOut Binding [jvm] Ends - com.oranfish.jarslink_api.service.HelloService:helloService.
2019-01-06 22:21:18,491 INFO  main                             -  <<Out Binding [jvm] Begins - com.oranfish.jarslink_api.service.HelloService:helloService.
2019-01-06 22:21:18,491 INFO  main                             -  <<Out Binding [jvm] Ends - com.oranfish.jarslink_api.service.HelloService:helloService.
2019-01-06 22:21:18,491 INFO  main                             - Register Service - com.oranfish.jarslink_api.service.HelloService:helloService
2019-01-06 22:36:36,149 INFO  main                             - SOFABoot Runtime Starting!
2019-01-06 22:36:37,726 INFO  main                             - Registering component: service:com.oranfish.jarslink_api.service.HelloService:helloService
2019-01-06 22:36:37,726 INFO  main                             -  <<PreOut Binding [jvm] Begins - com.oranfish.jarslink_api.service.HelloService:helloService.
2019-01-06 22:36:37,726 INFO  main                             -  <<PreOut Binding [jvm] Ends - com.oranfish.jarslink_api.service.HelloService:helloService.
2019-01-06 22:36:37,727 INFO  main                             -  <<Out Binding [jvm] Begins - com.oranfish.jarslink_api.service.HelloService:helloService.
2019-01-06 22:36:37,727 INFO  main                             -  <<Out Binding [jvm] Ends - com.oranfish.jarslink_api.service.HelloService:helloService.
2019-01-06 22:36:37,727 INFO  main                             - Register Service - com.oranfish.jarslink_api.service.HelloService:helloService
2019-01-06 22:43:33,291 INFO  main                             - SOFABoot Runtime Starting!
2019-01-06 22:43:34,705 INFO  main                             - Registering component: service:com.oranfish.jarslink_api.service.HelloService:helloService
2019-01-06 22:43:34,705 INFO  main                             -  <<PreOut Binding [jvm] Begins - com.oranfish.jarslink_api.service.HelloService:helloService.
2019-01-06 22:43:34,705 INFO  main                             -  <<PreOut Binding [jvm] Ends - com.oranfish.jarslink_api.service.HelloService:helloService.
2019-01-06 22:43:34,706 INFO  main                             -  <<Out Binding [jvm] Begins - com.oranfish.jarslink_api.service.HelloService:helloService.
2019-01-06 22:43:34,706 INFO  main                             -  <<Out Binding [jvm] Ends - com.oranfish.jarslink_api.service.HelloService:helloService.
2019-01-06 22:43:34,706 INFO  main                             - Register Service - com.oranfish.jarslink_api.service.HelloService:helloService
2019-01-06 23:12:56,512 INFO  main                             - SOFABoot Runtime Starting!
2019-01-06 23:12:58,187 INFO  main                             - Registering component: service:com.oranfish.jarslink_api.service.HelloService:helloService
2019-01-06 23:12:58,188 INFO  main                             -  <<PreOut Binding [jvm] Begins - com.oranfish.jarslink_api.service.HelloService:helloService.
2019-01-06 23:12:58,188 INFO  main                             -  <<PreOut Binding [jvm] Ends - com.oranfish.jarslink_api.service.HelloService:helloService.
2019-01-06 23:12:58,188 INFO  main                             -  <<Out Binding [jvm] Begins - com.oranfish.jarslink_api.service.HelloService:helloService.
2019-01-06 23:12:58,188 INFO  main                             -  <<Out Binding [jvm] Ends - com.oranfish.jarslink_api.service.HelloService:helloService.
2019-01-06 23:12:58,188 INFO  main                             - Register Service - com.oranfish.jarslink_api.service.HelloService:helloService
2019-01-06 23:19:23,084 INFO  main                             - SOFABoot Runtime Starting!
2019-01-06 23:19:24,577 INFO  main                             - Registering component: service:com.oranfish.jarslink_api.service.HelloService:helloService
2019-01-06 23:19:24,577 INFO  main                             -  <<PreOut Binding [jvm] Begins - com.oranfish.jarslink_api.service.HelloService:helloService.
2019-01-06 23:19:24,577 INFO  main                             -  <<PreOut Binding [jvm] Ends - com.oranfish.jarslink_api.service.HelloService:helloService.
2019-01-06 23:19:24,577 INFO  main                             -  <<Out Binding [jvm] Begins - com.oranfish.jarslink_api.service.HelloService:helloService.
2019-01-06 23:19:24,577 INFO  main                             -  <<Out Binding [jvm] Ends - com.oranfish.jarslink_api.service.HelloService:helloService.
2019-01-06 23:19:24,577 INFO  main                             - Register Service - com.oranfish.jarslink_api.service.HelloService:helloService
2019-01-06 23:24:05,771 INFO  main                             - SOFABoot Runtime Starting!
2019-01-06 23:24:07,201 INFO  main                             - Registering component: service:com.oranfish.jarslink_api.service.HelloService:helloService
2019-01-06 23:24:07,201 INFO  main                             -  <<PreOut Binding [jvm] Begins - com.oranfish.jarslink_api.service.HelloService:helloService.
2019-01-06 23:24:07,201 INFO  main                             -  <<PreOut Binding [jvm] Ends - com.oranfish.jarslink_api.service.HelloService:helloService.
2019-01-06 23:24:07,202 INFO  main                             -  <<Out Binding [jvm] Begins - com.oranfish.jarslink_api.service.HelloService:helloService.
2019-01-06 23:24:07,202 INFO  main                             -  <<Out Binding [jvm] Ends - com.oranfish.jarslink_api.service.HelloService:helloService.
2019-01-06 23:24:07,202 INFO  main                             - Register Service - com.oranfish.jarslink_api.service.HelloService:helloService
2019-01-06 23:26:12,265 INFO  main                             - SOFABoot Runtime Starting!
2019-01-06 23:26:13,765 INFO  main                             - Registering component: service:com.oranfish.jarslink_api.service.HelloService:helloService
2019-01-06 23:26:13,765 INFO  main                             -  <<PreOut Binding [jvm] Begins - com.oranfish.jarslink_api.service.HelloService:helloService.
2019-01-06 23:26:13,765 INFO  main                             -  <<PreOut Binding [jvm] Ends - com.oranfish.jarslink_api.service.HelloService:helloService.
2019-01-06 23:26:13,765 INFO  main                             -  <<Out Binding [jvm] Begins - com.oranfish.jarslink_api.service.HelloService:helloService.
2019-01-06 23:26:13,765 INFO  main                             -  <<Out Binding [jvm] Ends - com.oranfish.jarslink_api.service.HelloService:helloService.
2019-01-06 23:26:13,765 INFO  main                             - Register Service - com.oranfish.jarslink_api.service.HelloService:helloService
