2019-01-07 00:02:40,086 INFO  main                             - SOFABoot HealthCheck Starting!
2019-01-07 00:02:42,562 INFO  main                             - Found 1 HealthChecker implementation:sofaComponentHealthChecker
2019-01-07 00:02:42,563 INFO  main                             - Found 2 HealthIndicator implementation:sofaBootHealthIndicator,diskSpaceHealthIndicator
2019-01-07 00:02:42,564 INFO  main                             - Found 0 ReadinessCheckCallback implementation: 
2019-01-07 00:02:42,564 INFO  main                             - Begin SOFABoot HealthChecker readiness check.
2019-01-07 00:02:42,567 INFO  main                             - HealthChecker[sofaComponentHealthChecker] readiness check fail with 0 retry.
2019-01-07 00:02:43,571 INFO  main                             - HealthChecker[sofaComponentHealthChecker] readiness check fail with 1 retry.
2019-01-07 00:02:44,575 INFO  main                             - HealthChecker[sofaComponentHealthChecker] readiness check fail with 2 retry.
2019-01-07 00:02:45,581 INFO  main                             - HealthChecker[sofaComponentHealthChecker] readiness check fail with 3 retry.
2019-01-07 00:02:46,582 INFO  main                             - HealthChecker[sofaComponentHealthChecker] readiness check fail with 4 retry.
2019-01-07 00:02:47,591 INFO  main                             - HealthChecker[sofaComponentHealthChecker] readiness check fail with 5 retry.
2019-01-07 00:02:48,593 INFO  main                             - HealthChecker[sofaComponentHealthChecker] readiness check fail with 6 retry.
2019-01-07 00:02:49,595 INFO  main                             - HealthChecker[sofaComponentHealthChecker] readiness check fail with 7 retry.
2019-01-07 00:02:50,601 INFO  main                             - HealthChecker[sofaComponentHealthChecker] readiness check fail with 8 retry.
2019-01-07 00:02:51,607 INFO  main                             - HealthChecker[sofaComponentHealthChecker] readiness check fail with 9 retry.
2019-01-07 00:02:52,609 INFO  main                             - HealthChecker[sofaComponentHealthChecker] readiness check fail with 10 retry.
2019-01-07 00:02:53,615 INFO  main                             - HealthChecker[sofaComponentHealthChecker] readiness check fail with 11 retry.
2019-01-07 00:02:54,618 INFO  main                             - HealthChecker[sofaComponentHealthChecker] readiness check fail with 12 retry.
2019-01-07 00:02:55,622 INFO  main                             - HealthChecker[sofaComponentHealthChecker] readiness check fail with 13 retry.
2019-01-07 00:02:56,628 INFO  main                             - HealthChecker[sofaComponentHealthChecker] readiness check fail with 14 retry.
2019-01-07 00:02:57,632 INFO  main                             - HealthChecker[sofaComponentHealthChecker] readiness check fail with 15 retry.
2019-01-07 00:02:58,632 INFO  main                             - HealthChecker[sofaComponentHealthChecker] readiness check fail with 16 retry.
2019-01-07 00:02:59,637 INFO  main                             - HealthChecker[sofaComponentHealthChecker] readiness check fail with 17 retry.
2019-01-07 00:03:00,638 INFO  main                             - HealthChecker[sofaComponentHealthChecker] readiness check fail with 18 retry.
2019-01-07 00:03:01,644 INFO  main                             - HealthChecker[sofaComponentHealthChecker] readiness check fail with 19 retry.
2019-01-07 00:03:02,668 ERROR main                             - HealthChecker[sofaComponentHealthChecker] readiness check fail with 20 retry; fail details:{"reference:com.oranfish.jarslink_api.service.HelloService:helloService#414599042":"jvm#can not find corresponding jvm service"}; strict mode:true
2019-01-07 00:03:02,668 ERROR main                             - SOFABoot HealthChecker readiness check result: failed.
2019-01-07 00:03:02,668 INFO  main                             - Begin SOFABoot HealthIndicator readiness check.
2019-01-07 00:03:02,669 INFO  main                             - HealthIndicator[diskSpaceHealthIndicator] readiness check success.
2019-01-07 00:03:02,669 INFO  main                             - SOFABoot HealthIndicator readiness check result: success.
2019-01-07 00:03:02,669 INFO  main                             - Begin ReadinessCheckCallback readiness check
2019-01-07 00:03:02,670 INFO  main                             - ReadinessCheckCallback readiness check result: success.
2019-01-07 00:03:02,670 ERROR main                             - Readiness check result: fail
2019-01-07 00:03:03,134 INFO  RMI TCP Connection(2)-127.0.0.1  - Begin SOFABoot HealthChecker liveness check.
2019-01-07 00:03:03,134 INFO  RMI TCP Connection(2)-127.0.0.1  - HealthChecker[sofaComponentHealthChecker] liveness check fail with 0 retry.
2019-01-07 00:03:03,135 ERROR RMI TCP Connection(2)-127.0.0.1  - HealthChecker[sofaComponentHealthChecker] liveness check fail with 0 retry; fail details:{"reference:com.oranfish.jarslink_api.service.HelloService:helloService#414599042":"jvm#can not find corresponding jvm service"}; strict mode:true
2019-01-07 00:03:03,135 ERROR RMI TCP Connection(2)-127.0.0.1  - SOFABoot HealthChecker liveness check result: failed.
2019-01-07 00:07:11,357 INFO  main                             - SOFABoot HealthCheck Starting!
2019-01-07 00:07:14,016 INFO  main                             - Found 1 HealthChecker implementation:sofaComponentHealthChecker
2019-01-07 00:07:14,017 INFO  main                             - Found 2 HealthIndicator implementation:sofaBootHealthIndicator,diskSpaceHealthIndicator
2019-01-07 00:07:14,018 INFO  main                             - Found 0 ReadinessCheckCallback implementation: 
2019-01-07 00:07:14,019 INFO  main                             - Begin SOFABoot HealthChecker readiness check.
2019-01-07 00:07:14,022 INFO  main                             - HealthChecker[sofaComponentHealthChecker] readiness check fail with 0 retry.
2019-01-07 00:07:15,023 INFO  main                             - HealthChecker[sofaComponentHealthChecker] readiness check fail with 1 retry.
2019-01-07 00:07:16,024 INFO  main                             - HealthChecker[sofaComponentHealthChecker] readiness check fail with 2 retry.
2019-01-07 00:07:17,025 INFO  main                             - HealthChecker[sofaComponentHealthChecker] readiness check fail with 3 retry.
2019-01-07 00:07:18,030 INFO  main                             - HealthChecker[sofaComponentHealthChecker] readiness check fail with 4 retry.
2019-01-07 00:07:19,032 INFO  main                             - HealthChecker[sofaComponentHealthChecker] readiness check fail with 5 retry.
2019-01-07 00:07:20,036 INFO  main                             - HealthChecker[sofaComponentHealthChecker] readiness check fail with 6 retry.
2019-01-07 00:07:21,039 INFO  main                             - HealthChecker[sofaComponentHealthChecker] readiness check fail with 7 retry.
2019-01-07 00:07:22,040 INFO  main                             - HealthChecker[sofaComponentHealthChecker] readiness check fail with 8 retry.
2019-01-07 00:07:23,041 INFO  main                             - HealthChecker[sofaComponentHealthChecker] readiness check fail with 9 retry.
2019-01-07 00:07:24,045 INFO  main                             - HealthChecker[sofaComponentHealthChecker] readiness check fail with 10 retry.
2019-01-07 00:07:25,048 INFO  main                             - HealthChecker[sofaComponentHealthChecker] readiness check fail with 11 retry.
2019-01-07 00:07:26,053 INFO  main                             - HealthChecker[sofaComponentHealthChecker] readiness check fail with 12 retry.
2019-01-07 00:07:27,057 INFO  main                             - HealthChecker[sofaComponentHealthChecker] readiness check fail with 13 retry.
2019-01-07 00:07:28,062 INFO  main                             - HealthChecker[sofaComponentHealthChecker] readiness check fail with 14 retry.
2019-01-07 00:07:29,064 INFO  main                             - HealthChecker[sofaComponentHealthChecker] readiness check fail with 15 retry.
2019-01-07 00:07:30,065 INFO  main                             - HealthChecker[sofaComponentHealthChecker] readiness check fail with 16 retry.
2019-01-07 00:07:31,066 INFO  main                             - HealthChecker[sofaComponentHealthChecker] readiness check fail with 17 retry.
2019-01-07 00:07:32,068 INFO  main                             - HealthChecker[sofaComponentHealthChecker] readiness check fail with 18 retry.
2019-01-07 00:07:33,069 INFO  main                             - HealthChecker[sofaComponentHealthChecker] readiness check fail with 19 retry.
2019-01-07 00:07:34,093 ERROR main                             - HealthChecker[sofaComponentHealthChecker] readiness check fail with 20 retry; fail details:{"reference:com.oranfish.jarslink_api.service.HelloService:helloService#414599042":"jvm#can not find corresponding jvm service"}; strict mode:true
2019-01-07 00:07:34,093 ERROR main                             - SOFABoot HealthChecker readiness check result: failed.
2019-01-07 00:07:34,093 INFO  main                             - Begin SOFABoot HealthIndicator readiness check.
2019-01-07 00:07:34,094 INFO  main                             - HealthIndicator[diskSpaceHealthIndicator] readiness check success.
2019-01-07 00:07:34,094 INFO  main                             - SOFABoot HealthIndicator readiness check result: success.
2019-01-07 00:07:34,094 INFO  main                             - Begin ReadinessCheckCallback readiness check
2019-01-07 00:07:34,094 INFO  main                             - ReadinessCheckCallback readiness check result: success.
2019-01-07 00:07:34,095 ERROR main                             - Readiness check result: fail
2019-01-07 00:07:34,405 INFO  RMI TCP Connection(4)-127.0.0.1  - Begin SOFABoot HealthChecker liveness check.
2019-01-07 00:07:34,405 INFO  RMI TCP Connection(4)-127.0.0.1  - HealthChecker[sofaComponentHealthChecker] liveness check fail with 0 retry.
2019-01-07 00:07:34,405 ERROR RMI TCP Connection(4)-127.0.0.1  - HealthChecker[sofaComponentHealthChecker] liveness check fail with 0 retry; fail details:{"reference:com.oranfish.jarslink_api.service.HelloService:helloService#414599042":"jvm#can not find corresponding jvm service"}; strict mode:true
2019-01-07 00:07:34,406 ERROR RMI TCP Connection(4)-127.0.0.1  - SOFABoot HealthChecker liveness check result: failed.
